<?xml version="1.0" encoding="UTF-8"?>
<!-- Generated by org.testng.reporters.JUnitReportReporter -->
<testsuite hostname="DESKTOP-FMVBIOI" failures="0" tests="1" name="cases.Test2" time="12.078" errors="0" timestamp="2022-01-05T10:22:23 CST" skipped="0">
  <testcase classname="cases.Test2" name="op_driver" time="12.078"/>
  <system-out/>
</testsuite> <!-- cases.Test2 -->
