<?xml version="1.0" encoding="UTF-8"?>
<!-- Generated by org.testng.reporters.JUnitReportReporter -->
<testsuite hostname="DESKTOP-FMVBIOI" failures="0" tests="1" name="cases.Test1" time="9.047" errors="0" timestamp="2022-01-04T12:26:47 CST" skipped="0">
  <testcase classname="cases.Test1" name="op_driver" time="9.047"/>
  <system-out/>
</testsuite> <!-- cases.Test1 -->
