<?xml version="1.0" encoding="UTF-8"?>
<!-- Generated by org.testng.reporters.JUnitReportReporter -->
<testsuite hostname="DESKTOP-FMVBIOI" failures="0" tests="1" name="cases.Test1" time="4.693" errors="0" timestamp="2022-01-04T16:25:21 CST" skipped="0">
  <testcase classname="cases.Test1" name="test1" time="4.693"/>
  <system-out/>
</testsuite> <!-- cases.Test1 -->
