<?xml version="1.0" encoding="UTF-8"?>
<!-- Generated by org.testng.reporters.JUnitReportReporter -->
<testsuite hostname="DESKTOP-FMVBIOI" failures="0" tests="1" name="cases.Test1" time="4.913" errors="0" timestamp="2022-01-05T10:22:59 CST" skipped="0">
  <testcase classname="cases.Test1" name="test1" time="4.913"/>
  <system-out/>
</testsuite> <!-- cases.Test1 -->
