<?xml version="1.0" encoding="UTF-8"?>
<!-- Generated by org.testng.reporters.JUnitReportReporter -->
<testsuite hostname="DESKTOP-FMVBIOI" failures="0" tests="1" name="cases.Test2" time="9.074" errors="0" timestamp="2022-01-04T12:26:47 CST" skipped="0">
  <testcase classname="cases.Test2" name="op_driver" time="9.074"/>
  <system-out/>
</testsuite> <!-- cases.Test2 -->
